\BOOKMARK [1][-]{section.1}{Abstract}{}% 1
\BOOKMARK [1][-]{section.2}{How to Reproduce Our Result}{}% 2
\BOOKMARK [1][-]{section.3}{Data Analysis}{}% 3
\BOOKMARK [2][-]{subsection.3.1}{Data Set}{section.3}% 4
\BOOKMARK [3][-]{subsubsection.3.1.1}{Facebook}{subsection.3.1}% 5
\BOOKMARK [3][-]{subsubsection.3.1.2}{Power}{subsection.3.1}% 6
\BOOKMARK [3][-]{subsubsection.3.1.3}{NS}{subsection.3.1}% 7
\BOOKMARK [3][-]{subsubsection.3.1.4}{PB}{subsection.3.1}% 8
\BOOKMARK [3][-]{subsubsection.3.1.5}{Router}{subsection.3.1}% 9
\BOOKMARK [3][-]{subsubsection.3.1.6}{USAir}{subsection.3.1}% 10
\BOOKMARK [3][-]{subsubsection.3.1.7}{Yeast}{subsection.3.1}% 11
\BOOKMARK [3][-]{subsubsection.3.1.8}{Celegan}{subsection.3.1}% 12
\BOOKMARK [2][-]{subsection.3.2}{Visualize Our Data Set}{section.3}% 13
\BOOKMARK [1][-]{section.4}{Evaluation and Result}{}% 14
\BOOKMARK [2][-]{subsection.4.1}{Baselines}{section.4}% 15
\BOOKMARK [3][-]{subsubsection.4.1.1}{Common Neighbors\(CN\)}{subsection.4.1}% 16
\BOOKMARK [3][-]{subsubsection.4.1.2}{Jaccard\(JC\)}{subsection.4.1}% 17
\BOOKMARK [3][-]{subsubsection.4.1.3}{Adamic Adar\(AA\)}{subsection.4.1}% 18
\BOOKMARK [3][-]{subsubsection.4.1.4}{Total Neighbors\(TN\)}{subsection.4.1}% 19
\BOOKMARK [3][-]{subsubsection.4.1.5}{Preferential Attachment\(PA\)}{subsection.4.1}% 20
\BOOKMARK [3][-]{subsubsection.4.1.6}{Page Rank\(PG\)}{subsection.4.1}% 21
\BOOKMARK [2][-]{subsection.4.2}{Evaluation}{section.4}% 22
\BOOKMARK [1][-]{section.5}{Result and Discussion}{}% 23
\BOOKMARK [1][-]{section.6}{Future Work}{}% 24
\BOOKMARK [1][-]{section*.1}{References}{}% 25
